TN:
SF:app.js
FNF:0
FNH:0
DA:1,1
DA:2,1
DA:3,1
DA:4,1
DA:5,1
DA:7,1
DA:8,1
DA:9,1
DA:10,1
DA:12,1
LF:10
LH:10
BRF:0
BRH:0
end_of_record
TN:
SF:controllers\todoController.js
FN:4,(anonymous_0)
FN:14,(anonymous_1)
FN:35,(anonymous_2)
FN:55,(anonymous_3)
FN:85,(anonymous_4)
FNF:5
FNH:5
FNDA:1,(anonymous_0)
FNDA:2,(anonymous_1)
FNDA:2,(anonymous_2)
FNDA:2,(anonymous_3)
FNDA:2,(anonymous_4)
DA:1,1
DA:4,1
DA:5,1
DA:6,1
DA:8,1
DA:10,0
DA:14,1
DA:15,2
DA:16,2
DA:17,2
DA:23,2
DA:24,1
DA:27,1
DA:30,1
DA:31,1
DA:35,1
DA:36,2
DA:37,2
DA:39,2
DA:45,1
DA:51,1
DA:55,1
DA:56,2
DA:57,2
DA:58,2
DA:60,2
DA:66,2
DA:67,1
DA:70,1
DA:76,1
DA:81,1
DA:85,1
DA:86,2
DA:87,2
DA:89,2
DA:94,2
DA:95,1
DA:98,1
DA:99,1
DA:103,1
DA:108,1
LF:41
LH:40
BRDA:23,0,0,1
BRDA:23,0,1,1
BRDA:66,1,0,1
BRDA:66,1,1,1
BRDA:71,2,0,1
BRDA:71,2,1,0
BRDA:72,3,0,1
BRDA:72,3,1,0
BRDA:73,4,0,1
BRDA:73,4,1,0
BRDA:94,5,0,1
BRDA:94,5,1,1
BRF:12
BRH:9
end_of_record
TN:
SF:middlewares\errorHandler.js
FN:1,(anonymous_0)
FNF:1
FNH:1
FNDA:4,(anonymous_0)
DA:1,1
DA:2,4
DA:4,4
DA:5,3
DA:6,1
DA:7,1
DA:16,0
DA:20,1
LF:8
LH:7
BRDA:4,0,0,3
BRDA:4,0,1,1
BRDA:6,1,0,1
BRDA:6,1,1,0
BRF:4
BRH:3
end_of_record
TN:
SF:models\index.js
FN:21,(anonymous_0)
FN:29,(anonymous_1)
FN:34,(anonymous_2)
FNF:3
FNH:3
FNDA:2,(anonymous_0)
FNDA:1,(anonymous_1)
FNDA:1,(anonymous_2)
DA:3,1
DA:4,1
DA:5,1
DA:6,1
DA:7,1
DA:8,1
DA:9,1
DA:10,1
DA:13,1
DA:14,0
DA:16,1
DA:19,1
DA:22,2
DA:30,1
DA:31,1
DA:34,1
DA:35,1
DA:36,1
DA:40,1
DA:41,1
DA:43,1
LF:21
LH:20
BRDA:8,0,0,1
BRDA:8,0,1,0
BRDA:13,1,0,0
BRDA:13,1,1,1
BRDA:23,2,0,2
BRDA:23,2,1,2
BRDA:23,2,2,1
BRDA:23,2,3,1
BRDA:35,3,0,1
BRDA:35,3,1,0
BRF:10
BRH:7
end_of_record
TN:
SF:models\todo.js
FN:5,(anonymous_0)
FN:12,(anonymous_1)
FNF:2
FNH:2
FNDA:1,(anonymous_0)
FNDA:1,(anonymous_1)
DA:4,1
DA:5,1
DA:16,1
DA:42,1
LF:4
LH:4
BRF:0
BRH:0
end_of_record
TN:
SF:routes\index.js
FNF:0
FNH:0
DA:1,1
DA:2,1
DA:3,1
DA:5,1
DA:6,1
DA:7,1
DA:8,1
DA:9,1
DA:12,1
LF:9
LH:9
BRF:0
BRH:0
end_of_record
